# JRE version: OpenJDK Runtime Environment (8.0_242-b01) (build 1.8.0_242-release-1644-b01)
# Java VM: OpenJDK 64-Bit Server VM (25.242-b01 mixed mode windows-amd64 compressed oops)
Heap:
 PSYoungGen      total 141824K, used 47993K [0x000000076af80000, 0x0000000774480000, 0x00000007c0000000)
  eden space 131072K, 36% used [0x000000076af80000,0x000000076de5e540,0x0000000772f80000)
  from space 10752K, 0% used [0x0000000772f80000,0x0000000772f80000,0x0000000773a00000)
  to   space 10752K, 0% used [0x0000000773a00000,0x0000000773a00000,0x0000000774480000)
 ParOldGen       total 118784K, used 28349K [0x00000006c0e00000, 0x00000006c8200000, 0x000000076af80000)
  object space 118784K, 23% used [0x00000006c0e00000,0x00000006c29af698,0x00000006c8200000)
 Metaspace       used 37578K, capacity 38204K, committed 38576K, reserved 1083392K
  class space    used 4769K, capacity 4925K, committed 5040K, reserved 1048576K
GC Heap History (10 events):
Event: 0.674 GC heap before
{Heap before GC invocations=1 (full 0):
 PSYoungGen      total 76288K, used 65536K [0x000000076af80000, 0x0000000770480000, 0x00000007c0000000)
  eden space 65536K, 100% used [0x000000076af80000,0x000000076ef80000,0x000000076ef80000)
  from space 10752K, 0% used [0x000000076fa00000,0x000000076fa00000,0x0000000770480000)
  to   space 10752K, 0% used [0x000000076ef80000,0x000000076ef80000,0x000000076fa00000)
 ParOldGen       total 175104K, used 0K [0x00000006c0e00000, 0x00000006cb900000, 0x000000076af80000)
  object space 175104K, 0% used [0x00000006c0e00000,0x00000006c0e00000,0x00000006cb900000)
 Metaspace       used 15628K, capacity 15944K, committed 16000K, reserved 1062912K
  class space    used 1820K, capacity 1914K, committed 1920K, reserved 1048576K
Event: 0.681 GC heap after
Heap after GC invocations=1 (full 0):
 PSYoungGen      total 76288K, used 10746K [0x000000076af80000, 0x0000000774480000, 0x00000007c0000000)
  eden space 65536K, 0% used [0x000000076af80000,0x000000076af80000,0x000000076ef80000)
  from space 10752K, 99% used [0x000000076ef80000,0x000000076f9fe958,0x000000076fa00000)
  to   space 10752K, 0% used [0x0000000773a00000,0x0000000773a00000,0x0000000774480000)
 ParOldGen       total 175104K, used 4731K [0x00000006c0e00000, 0x00000006cb900000, 0x000000076af80000)
  object space 175104K, 2% used [0x00000006c0e00000,0x00000006c129edb0,0x00000006cb900000)
 Metaspace       used 15628K, capacity 15944K, committed 16000K, reserved 1062912K
  class space    used 1820K, capacity 1914K, committed 1920K, reserved 1048576K
}
Event: 0.866 GC heap before
{Heap before GC invocations=2 (full 0):
 PSYoungGen      total 76288K, used 31127K [0x000000076af80000, 0x0000000774480000, 0x00000007c0000000)
  eden space 65536K, 31% used [0x000000076af80000,0x000000076c3675f8,0x000000076ef80000)
  from space 10752K, 99% used [0x000000076ef80000,0x000000076f9fe958,0x000000076fa00000)
  to   space 10752K, 0% used [0x0000000773a00000,0x0000000773a00000,0x0000000774480000)
 ParOldGen       total 175104K, used 4731K [0x00000006c0e00000, 0x00000006cb900000, 0x000000076af80000)
  object space 175104K, 2% used [0x00000006c0e00000,0x00000006c129edb0,0x00000006cb900000)
 Metaspace       used 20799K, capacity 21192K, committed 21296K, reserved 1069056K
  class space    used 2455K, capacity 2594K, committed 2608K, reserved 1048576K
Event: 0.870 GC heap after
Heap after GC invocations=2 (full 0):
 PSYoungGen      total 141824K, used 9637K [0x000000076af80000, 0x0000000774480000, 0x00000007c0000000)
  eden space 131072K, 0% used [0x000000076af80000,0x000000076af80000,0x0000000772f80000)
  from space 10752K, 89% used [0x0000000773a00000,0x00000007743697d8,0x0000000774480000)
  to   space 10752K, 0% used [0x0000000772f80000,0x0000000772f80000,0x0000000773a00000)
 ParOldGen       total 175104K, used 4803K [0x00000006c0e00000, 0x00000006cb900000, 0x000000076af80000)
  object space 175104K, 2% used [0x00000006c0e00000,0x00000006c12b0dc0,0x00000006cb900000)
 Metaspace       used 20799K, capacity 21192K, committed 21296K, reserved 1069056K
  class space    used 2455K, capacity 2594K, committed 2608K, reserved 1048576K
}
Event: 0.870 GC heap before
{Heap before GC invocations=3 (full 1):
 PSYoungGen      total 141824K, used 9637K [0x000000076af80000, 0x0000000774480000, 0x00000007c0000000)
  eden space 131072K, 0% used [0x000000076af80000,0x000000076af80000,0x0000000772f80000)
  from space 10752K, 89% used [0x0000000773a00000,0x00000007743697d8,0x0000000774480000)
  to   space 10752K, 0% used [0x0000000772f80000,0x0000000772f80000,0x0000000773a00000)
 ParOldGen       total 175104K, used 4803K [0x00000006c0e00000, 0x00000006cb900000, 0x000000076af80000)
  object space 175104K, 2% used [0x00000006c0e00000,0x00000006c12b0dc0,0x00000006cb900000)
 Metaspace       used 20799K, capacity 21192K, committed 21296K, reserved 1069056K
  class space    used 2455K, capacity 2594K, committed 2608K, reserved 1048576K
Event: 0.892 GC heap after
Heap after GC invocations=3 (full 1):
 PSYoungGen      total 141824K, used 0K [0x000000076af80000, 0x0000000774480000, 0x00000007c0000000)
  eden space 131072K, 0% used [0x000000076af80000,0x000000076af80000,0x0000000772f80000)
  from space 10752K, 0% used [0x0000000773a00000,0x0000000773a00000,0x0000000774480000)
  to   space 10752K, 0% used [0x0000000772f80000,0x0000000772f80000,0x0000000773a00000)
 ParOldGen       total 118784K, used 9309K [0x00000006c0e00000, 0x00000006c8200000, 0x000000076af80000)
  object space 118784K, 7% used [0x00000006c0e00000,0x00000006c1717530,0x00000006c8200000)
 Metaspace       used 20799K, capacity 21192K, committed 21296K, reserved 1069056K
  class space    used 2455K, capacity 2594K, committed 2608K, reserved 1048576K
}
Event: 2.061 GC heap before
{Heap before GC invocations=4 (full 1):
 PSYoungGen      total 141824K, used 98307K [0x000000076af80000, 0x0000000774480000, 0x00000007c0000000)
  eden space 131072K, 75% used [0x000000076af80000,0x0000000770f80f80,0x0000000772f80000)
  from space 10752K, 0% used [0x0000000773a00000,0x0000000773a00000,0x0000000774480000)
  to   space 10752K, 0% used [0x0000000772f80000,0x0000000772f80000,0x0000000773a00000)
 ParOldGen       total 118784K, used 9309K [0x00000006c0e00000, 0x00000006c8200000, 0x000000076af80000)
  object space 118784K, 7% used [0x00000006c0e00000,0x00000006c1717530,0x00000006c8200000)
 Metaspace       used 34676K, capacity 35194K, committed 35496K, reserved 1081344K
  class space    used 4417K, capacity 4552K, committed 4656K, reserved 1048576K
Event: 2.073 GC heap after
Heap after GC invocations=4 (full 1):
 PSYoungGen      total 141824K, used 10750K [0x000000076af80000, 0x0000000774480000, 0x00000007c0000000)
  eden space 131072K, 0% used [0x000000076af80000,0x000000076af80000,0x0000000772f80000)
  from space 10752K, 99% used [0x0000000772f80000,0x00000007739ffb20,0x0000000773a00000)
  to   space 10752K, 0% used [0x0000000773a00000,0x0000000773a00000,0x0000000774480000)
 ParOldGen       total 118784K, used 21790K [0x00000006c0e00000, 0x00000006c8200000, 0x000000076af80000)
  object space 118784K, 18% used [0x00000006c0e00000,0x00000006c2347b50,0x00000006c8200000)
 Metaspace       used 34676K, capacity 35194K, committed 35496K, reserved 1081344K
  class space    used 4417K, capacity 4552K, committed 4656K, reserved 1048576K
}
Event: 2.073 GC heap before
{Heap before GC invocations=5 (full 2):
 PSYoungGen      total 141824K, used 10750K [0x000000076af80000, 0x0000000774480000, 0x00000007c0000000)
  eden space 131072K, 0% used [0x000000076af80000,0x000000076af80000,0x0000000772f80000)
  from space 10752K, 99% used [0x0000000772f80000,0x00000007739ffb20,0x0000000773a00000)
  to   space 10752K, 0% used [0x0000000773a00000,0x0000000773a00000,0x0000000774480000)
 ParOldGen       total 118784K, used 21790K [0x00000006c0e00000, 0x00000006c8200000, 0x000000076af80000)
  object space 118784K, 18% used [0x00000006c0e00000,0x00000006c2347b50,0x00000006c8200000)
 Metaspace       used 34676K, capacity 35194K, committed 35496K, reserved 1081344K
  class space    used 4417K, capacity 4552K, committed 4656K, reserved 1048576K
Event: 2.104 GC heap after
Heap after GC invocations=5 (full 2):
 PSYoungGen      total 141824K, used 0K [0x000000076af80000, 0x0000000774480000, 0x00000007c0000000)
  eden space 131072K, 0% used [0x000000076af80000,0x000000076af80000,0x0000000772f80000)
  from space 10752K, 0% used [0x0000000772f80000,0x0000000772f80000,0x0000000773a00000)
  to   space 10752K, 0% used [0x0000000773a00000,0x0000000773a00000,0x0000000774480000)
 ParOldGen       total 118784K, used 28349K [0x00000006c0e00000, 0x00000006c8200000, 0x000000076af80000)
  object space 118784K, 23% used [0x00000006c0e00000,0x00000006c29af698,0x00000006c8200000)
 Metaspace       used 34676K, capacity 35194K, committed 35496K, reserved 1081344K
  class space    used 4417K, capacity 4552K, committed 4656K, reserved 1048576K
}

